<?xml version="1.0" encoding="UTF-8"?>
<testsuite name="Login Test"
           tests="3"
           failures="0"
           errors="0"
           skipped="0"
           time="9.696">
  <properties />
  
  
            <testcase name="verifyUserShouldLoginSuccessFully" time="1.649" classname="com.orangehrmlive.demo.testsuite.LoginTest" />
                <testcase name="verifyThatTheLogoDisplayOnHomePage" time="1.764" classname="com.orangehrmlive.demo.testsuite.LoginTest" />
                <testcase name="verifyUserShouldLogOutSuccessFully" time="6.283" classname="com.orangehrmlive.demo.testsuite.LoginTest" />
      
</testsuite>
